------------------ Log start ------------------
2017-07-23 00:47:06 INFO - Build : DataTableBuilder.ini
2017-07-23 00:47:06 DEBUG - {"Project":"FPS Test Project", "Version":"1.0.0", "Date":"2017/07/22", "Desc":"<<<< Resource ID Configuration information >>>>>"}
2017-07-23 00:47:06 INFO - ReadCSV : csv_Data/PropertyTable.csv
2017-07-23 00:47:06 INFO - ReadCSV : csv_Data/SecureInfo.csv
2017-07-23 00:47:06 INFO - ReadCSV : csv_Data/ConstantTable.csv
2017-07-23 00:47:06 INFO -  - BuildLoadFunction
2017-07-23 00:47:06 INFO -  - BuildTableClass
2017-07-23 00:47:06 INFO -  - Build members
2017-07-23 00:47:06 INFO -  - Build Enumeration
2017-07-23 00:47:06 INFO -  - Build Class Constructor
2017-07-23 00:47:06 INFO -  - Build members
2017-07-23 00:47:06 INFO -  - Build Enumeration
2017-07-23 00:47:06 INFO -  - Build Class Constructor
2017-07-23 00:47:06 INFO -  - Build members
2017-07-23 00:47:06 INFO -  - Build Enumeration
2017-07-23 00:47:06 INFO -  - Build Class Constructor
2017-07-23 00:47:06 INFO -  - BuildTableClass
2017-07-23 00:47:06 INFO -  - Build members
2017-07-23 00:47:06 INFO -  - Build Enumeration
2017-07-23 00:47:06 INFO -  - Build Class Constructor
2017-07-23 00:47:06 INFO -  - Build members
2017-07-23 00:47:06 INFO -  - Build Enumeration
2017-07-23 00:47:06 INFO -  - Build Class Constructor
2017-07-23 00:47:06 INFO -  - BuildTableClass
2017-07-23 00:47:06 INFO -  - Build members
2017-07-23 00:47:06 INFO -  - Build Enumeration
2017-07-23 00:47:06 INFO -  - Build Class Constructor
2017-07-23 00:47:06 INFO -  - Build members
2017-07-23 00:47:06 INFO -  - Build Enumeration
2017-07-23 00:47:06 INFO -  - Build Class Constructor
2017-07-23 00:47:06 INFO - Write Build Script : ..\Assets\Resources\DataTableR.cs
2017-07-23 00:47:06 INFO - Build complete !!!!
