------------------ Log start ------------------
2017-07-23 17:25:07 INFO - Read From Excel D:\Workspace\_Unity\FPS Test Project\TableBuilder\xlsx_Data/SecureInfo.xlsx
2017-07-23 17:25:08 INFO - Total Sheets 2
2017-07-23 17:25:08 INFO - Read Sheet 'Secure'
2017-07-23 17:25:08 INFO - Read Sheet 'illegalApp'
2017-07-23 17:25:09 INFO - Write CSV : SecureInfo
2017-07-23 17:25:09 INFO - Write File : ./csv_Data/SecureInfo.csv
2017-07-23 17:25:09 INFO - Write File : ../Assets/Resources/csv_Data\SecureInfo.csv
2017-07-23 17:25:09 INFO - Read From Excel D:\Workspace\_Unity\FPS Test Project\TableBuilder\xlsx_Data/PropertyTable.xlsx
2017-07-23 17:25:10 INFO - Total Sheets 3
2017-07-23 17:25:10 INFO - Read Sheet 'PropertyInfo'
2017-07-23 17:25:10 INFO - Read Sheet 'Speeches'
2017-07-23 17:25:10 INFO - Read Sheet 'Seq'
2017-07-23 17:25:11 INFO - Write CSV : PropertyTable
2017-07-23 17:25:11 INFO - Write File : ./csv_Data/PropertyTable.csv
2017-07-23 17:25:11 INFO - Write File : ../Assets/Resources/csv_Data\PropertyTable.csv
2017-07-23 17:25:11 INFO - Read From Excel D:\Workspace\_Unity\FPS Test Project\TableBuilder\xlsx_Data/ConstantTable.xlsx
2017-07-23 17:25:11 INFO - Total Sheets 2
2017-07-23 17:25:11 INFO - Read Sheet 'DefaultValue'
2017-07-23 17:25:12 INFO - Read Sheet 'TestEnumTable'
2017-07-23 17:25:13 INFO - Write CSV : ConstantTable
2017-07-23 17:25:13 INFO - Write File : ./csv_Data/ConstantTable.csv
2017-07-23 17:25:13 INFO - Write File : ../Assets/Resources/csv_Data\ConstantTable.csv
